<?xml version="1.0" encoding="UTF-8"?>
<!-- Generated by org.testng.reporters.JUnitReportReporter -->
<testsuite hostname="DESKTOP-1TK4TSS" failures="0" tests="1" name="requestChaining.CreateResourseAndPerformChainingTest" time="9.049" errors="0" timestamp="2022-11-18T13:09:35 IST" skipped="0">
  <testcase classname="requestChaining.CreateResourseAndPerformChainingTest" name="createResourseTest" time="9.049"/>
  <system-out>
    <![CDATA[Resource is Created inside the Server !
Resource has been Updated by PUT Method !
Resource is Deleted form the Server !]]>
  </system-out>
</testsuite> <!-- requestChaining.CreateResourseAndPerformChainingTest -->
