<?xml version="1.0" encoding="UTF-8"?>
<!-- Generated by org.testng.reporters.JUnitReportReporter -->
<testsuite hostname="DESKTOP-1TK4TSS" failures="0" tests="1" name="kotak.SerializationTest.ComplexSerializationTest" time="0.610" errors="0" timestamp="2023-01-18T17:47:54 IST" skipped="0">
  <testcase classname="kotak.SerializationTest.ComplexSerializationTest" name="serializationTest" time="0.610"/>
  <system-out/>
</testsuite> <!-- kotak.SerializationTest.ComplexSerializationTest -->
