<?xml version="1.0" encoding="UTF-8"?>
<!-- Generated by org.testng.reporters.JUnitReportReporter -->
<testsuite hostname="DESKTOP-1TK4TSS" failures="0" tests="1" name="kotak.DeSerializationTest.ComplexDeSerializationTest" time="0.553" errors="0" timestamp="2023-01-18T17:15:56 IST" skipped="0">
  <testcase classname="kotak.DeSerializationTest.ComplexDeSerializationTest" name="deSerializationTest" time="0.553"/>
  <system-out/>
</testsuite> <!-- kotak.DeSerializationTest.ComplexDeSerializationTest -->
